This is pdfTeX, Version 3.1415926-2.4-1.40.13 (MiKTeX 2.9) (preloaded format=pdflatex 2013.7.14)  14 JUN 2015 18:31
entering extended mode
**tez.tex
(C:\PHD\Latex\etu-phd-template\tez.tex
LaTeX2e <2011/06/27>
Babel <v3.8m> and hyphenation patterns for english, afrikaans, ancientgreek, ar
abic, armenian, assamese, basque, bengali, bokmal, bulgarian, catalan, coptic, 
croatian, czech, danish, dutch, esperanto, estonian, farsi, finnish, french, ga
lician, german, german-x-2012-05-30, greek, gujarati, hindi, hungarian, iceland
ic, indonesian, interlingua, irish, italian, kannada, kurmanji, latin, latvian,
 lithuanian, malayalam, marathi, mongolian, mongolianlmc, monogreek, ngerman, n
german-x-2012-05-30, nynorsk, oriya, panjabi, pinyin, polish, portuguese, roman
ian, russian, sanskrit, serbian, slovak, slovenian, spanish, swedish, swissgerm
an, tamil, telugu, turkish, turkmen, ukenglish, ukrainian, uppersorbian, usengl
ishmax, welsh, loaded.
(C:\PHD\Latex\etu-phd-template\baslangic.tex
(C:\PHD\Latex\etu-phd-template\etutez.cls

LaTeX Warning: You have requested document class `etutez',
               but the document class provides `buthesis'.

Document Class: buthesis 
("C:\Program Files (x86)\MiKTeX 2.9\tex\latex\base\report.cls"
Document Class: report 2007/10/19 v1.4h Standard LaTeX document class
("C:\Program Files (x86)\MiKTeX 2.9\tex\latex\base\size12.clo"
File: size12.clo 2007/10/19 v1.4h Standard LaTeX file (size option)
)
\c@part=\count79
\c@chapter=\count80
\c@section=\count81
\c@subsection=\count82
\c@subsubsection=\count83
\c@paragraph=\count84
\c@subparagraph=\count85
\c@figure=\count86
\c@table=\count87
\abovecaptionskip=\skip41
\belowcaptionskip=\skip42
\bibindent=\dimen102
)
(C:\PHD\Latex\etu-phd-template\graphicx.sty
Package: graphicx 1999/02/16 v1.0f Enhanced LaTeX Graphics (DPC,SPQR)

("C:\Program Files (x86)\MiKTeX 2.9\tex\latex\graphics\keyval.sty"
Package: keyval 1999/03/16 v1.13 key=value parser (DPC)
\KV@toks@=\toks14
)
("C:\Program Files (x86)\MiKTeX 2.9\tex\latex\graphics\graphics.sty"
Package: graphics 2009/02/05 v1.0o Standard LaTeX Graphics (DPC,SPQR)

("C:\Program Files (x86)\MiKTeX 2.9\tex\latex\graphics\trig.sty"
Package: trig 1999/03/16 v1.09 sin cos tan (DPC)
)
("C:\Program Files (x86)\MiKTeX 2.9\tex\latex\00miktex\graphics.cfg"
File: graphics.cfg 2007/01/18 v1.5 graphics configuration of teTeX/TeXLive
)
Package graphics Info: Driver file: pdftex.def on input line 91.

("C:\Program Files (x86)\MiKTeX 2.9\tex\latex\pdftex-def\pdftex.def"
File: pdftex.def 2011/05/27 v0.06d Graphics/color for pdfTeX

("C:\Program Files (x86)\MiKTeX 2.9\tex\generic\oberdiek\infwarerr.sty"
Package: infwarerr 2010/04/08 v1.3 Providing info/warning/error messages (HO)
)
("C:\Program Files (x86)\MiKTeX 2.9\tex\generic\oberdiek\ltxcmds.sty"
Package: ltxcmds 2011/11/09 v1.22 LaTeX kernel commands for general use (HO)
)
\Gread@gobject=\count88
))
\Gin@req@height=\dimen103
\Gin@req@width=\dimen104
))
("C:\Program Files (x86)\MiKTeX 2.9\tex\latex\xkeyval\xkeyval.sty"
Package: xkeyval 2012/10/14 v2.6b package option processing (HA)

("C:\Program Files (x86)\MiKTeX 2.9\tex\generic\xkeyval\xkeyval.tex"
\XKV@toks=\toks15
\XKV@tempa@toks=\toks16
\XKV@depth=\count89
File: xkeyval.tex 2012/10/14 v2.6b key=value parser (HA)
))
("C:\Program Files (x86)\MiKTeX 2.9\tex\generic\babel\babel.sty"
Package: babel 2008/07/08 v3.8m The Babel package

*************************************
* Local config file bblopts.cfg used
*
("C:\Program Files (x86)\MiKTeX 2.9\tex\latex\00miktex\bblopts.cfg"
File: bblopts.cfg 2006/07/31 v1.0 MiKTeX 'babel' configuration
)
("C:\Program Files (x86)\MiKTeX 2.9\tex\generic\babel\turkish.ldf"
Language: turkish 2005/03/31 v1.2m Turkish support from the babel system

("C:\Program Files (x86)\MiKTeX 2.9\tex\generic\babel\babel.def"
File: babel.def 2008/07/08 v3.8m Babel common definitions
\babel@savecnt=\count90
\U@D=\dimen105
)
Package babel Info: Making : an active character on input line 86.
Package babel Info: Making ! an active character on input line 87.
Package babel Info: Making = an active character on input line 88.
))
("C:\Program Files (x86)\MiKTeX 2.9\tex\latex\base\inputenc.sty"
Package: inputenc 2008/03/30 v1.1d Input encoding file
\inpenc@prehook=\toks17
\inpenc@posthook=\toks18

("C:\Program Files (x86)\MiKTeX 2.9\tex\latex\base\latin5.def"
File: latin5.def 2008/03/30 v1.1d Input encoding file
))
(C:\PHD\Latex\etu-phd-template\appendix.sty
Package: appendix 2009/09/02 v1.2b extra appendix facilities
\c@@pps=\count91
\c@@ppsavesec=\count92
\c@@ppsaveapp=\count93
)
(C:\PHD\Latex\etu-phd-template\fontenc.sty
Package: fontenc 2005/09/27 v1.99g Standard LaTeX package

("C:\Program Files (x86)\MiKTeX 2.9\tex\latex\base\t1enc.def"
File: t1enc.def 2005/09/27 v1.99g Standard LaTeX file
LaTeX Font Info:    Redeclaring font encoding T1 on input line 43.
))
("C:\Program Files (x86)\MiKTeX 2.9\tex\latex\mh\mathtools.sty"
Package: mathtools 2013/02/12 v1.13 mathematical typesetting tools

("C:\Program Files (x86)\MiKTeX 2.9\tex\latex\tools\calc.sty"
Package: calc 2007/08/22 v4.3 Infix arithmetic (KKT,FJ)
\calc@Acount=\count94
\calc@Bcount=\count95
\calc@Adimen=\dimen106
\calc@Bdimen=\dimen107
\calc@Askip=\skip43
\calc@Bskip=\skip44
LaTeX Info: Redefining \setlength on input line 76.
LaTeX Info: Redefining \addtolength on input line 77.
\calc@Ccount=\count96
\calc@Cskip=\skip45
)
("C:\Program Files (x86)\MiKTeX 2.9\tex\latex\mh\mhsetup.sty"
Package: mhsetup 2010/01/21 v1.2a programming setup (MH)
)
("C:\Program Files (x86)\MiKTeX 2.9\tex\latex\amsmath\amsmath.sty"
Package: amsmath 2013/01/14 v2.14 AMS math features
\@mathmargin=\skip46

For additional information on amsmath, use the `?' option.
("C:\Program Files (x86)\MiKTeX 2.9\tex\latex\amsmath\amstext.sty"
Package: amstext 2000/06/29 v2.01

("C:\Program Files (x86)\MiKTeX 2.9\tex\latex\amsmath\amsgen.sty"
File: amsgen.sty 1999/11/30 v2.0
\@emptytoks=\toks19
\ex@=\dimen108
))
("C:\Program Files (x86)\MiKTeX 2.9\tex\latex\amsmath\amsbsy.sty"
Package: amsbsy 1999/11/29 v1.2d
\pmbraise@=\dimen109
)
("C:\Program Files (x86)\MiKTeX 2.9\tex\latex\amsmath\amsopn.sty"
Package: amsopn 1999/12/14 v2.01 operator names
)
\inf@bad=\count97
LaTeX Info: Redefining \frac on input line 210.
\uproot@=\count98
\leftroot@=\count99
LaTeX Info: Redefining \overline on input line 306.
\classnum@=\count100
\DOTSCASE@=\count101
LaTeX Info: Redefining \ldots on input line 378.
LaTeX Info: Redefining \dots on input line 381.
LaTeX Info: Redefining \cdots on input line 466.
\Mathstrutbox@=\box26
\strutbox@=\box27
\big@size=\dimen110
LaTeX Font Info:    Redeclaring font encoding OML on input line 566.
LaTeX Font Info:    Redeclaring font encoding OMS on input line 567.
\macc@depth=\count102
\c@MaxMatrixCols=\count103
\dotsspace@=\muskip10
\c@parentequation=\count104
\dspbrk@lvl=\count105
\tag@help=\toks20
\row@=\count106
\column@=\count107
\maxfields@=\count108
\andhelp@=\toks21
\eqnshift@=\dimen111
\alignsep@=\dimen112
\tagshift@=\dimen113
\tagwidth@=\dimen114
\totwidth@=\dimen115
\lineht@=\dimen116
\@envbody=\toks22
\multlinegap=\skip47
\multlinetaggap=\skip48
\mathdisplay@stack=\toks23
LaTeX Info: Redefining \[ on input line 2665.
LaTeX Info: Redefining \] on input line 2666.
)
LaTeX Info: Thecontrolsequence`\['isalreadyrobust on input line 129.
LaTeX Info: Thecontrolsequence`\]'isalreadyrobust on input line 129.
\g_MT_multlinerow_int=\count109
\l_MT_multwidth_dim=\dimen117
\origjot=\skip49
\l_MT_shortvdotswithinadjustabove_dim=\dimen118
\l_MT_shortvdotswithinadjustbelow_dim=\dimen119
\l_MT_above_intertext_sep=\dimen120
\l_MT_below_intertext_sep=\dimen121
\l_MT_above_shortintertext_sep=\dimen122
\l_MT_below_shortintertext_sep=\dimen123
)
("C:\Program Files (x86)\MiKTeX 2.9\tex\latex\oberdiek\epstopdf.sty"
Package: epstopdf 2010/02/09 v2.5 Conversion with epstopdf on the fly (HO)

("C:\Program Files (x86)\MiKTeX 2.9\tex\latex\oberdiek\epstopdf-base.sty"
Package: epstopdf-base 2010/02/09 v2.5 Base part for package epstopdf

("C:\Program Files (x86)\MiKTeX 2.9\tex\latex\oberdiek\grfext.sty"
Package: grfext 2010/08/19 v1.1 Manage graphics extensions (HO)

("C:\Program Files (x86)\MiKTeX 2.9\tex\generic\oberdiek\kvdefinekeys.sty"
Package: kvdefinekeys 2011/04/07 v1.3 Define keys (HO)
))
("C:\Program Files (x86)\MiKTeX 2.9\tex\latex\oberdiek\kvoptions.sty"
Package: kvoptions 2011/06/30 v3.11 Key value format for package options (HO)

("C:\Program Files (x86)\MiKTeX 2.9\tex\generic\oberdiek\kvsetkeys.sty"
Package: kvsetkeys 2012/04/25 v1.16 Key value parser (HO)

("C:\Program Files (x86)\MiKTeX 2.9\tex\generic\oberdiek\etexcmds.sty"
Package: etexcmds 2011/02/16 v1.5 Avoid name clashes with e-TeX commands (HO)

("C:\Program Files (x86)\MiKTeX 2.9\tex\generic\oberdiek\ifluatex.sty"
Package: ifluatex 2010/03/01 v1.3 Provides the ifluatex switch (HO)
Package ifluatex Info: LuaTeX not detected.
)
Package etexcmds Info: Could not find \expanded.
(etexcmds)             That can mean that you are not using pdfTeX 1.50 or
(etexcmds)             that some package has redefined \expanded.
(etexcmds)             In the latter case, load this package earlier.
)))
("C:\Program Files (x86)\MiKTeX 2.9\tex\generic\oberdiek\pdftexcmds.sty"
Package: pdftexcmds 2011/11/29 v0.20 Utility functions of pdfTeX for LuaTeX (HO
)

("C:\Program Files (x86)\MiKTeX 2.9\tex\generic\oberdiek\ifpdf.sty"
Package: ifpdf 2011/01/30 v2.3 Provides the ifpdf switch (HO)
Package ifpdf Info: pdfTeX in PDF mode is detected.
)
Package pdftexcmds Info: LuaTeX not detected.
Package pdftexcmds Info: \pdf@primitive is available.
Package pdftexcmds Info: \pdf@ifprimitive is available.
Package pdftexcmds Info: \pdfdraftmode found.
)
Package grfext Info: Graphics extension search list:
(grfext)             [.png,.pdf,.jpg,.mps,.jpeg,.jbig2,.jb2,.PNG,.PDF,.JPG,.JPE
G,.JBIG2,.JB2,.eps]
(grfext)             \AppendGraphicsExtensions on input line 452.
))
(C:\PHD\Latex\etu-phd-template\subfigure.sty
Package: subfigure 2002/03/15 v2.1.5 subfigure package
\subfigtopskip=\skip50
\subfigcapskip=\skip51
\subfigcaptopadj=\dimen124
\subfigbottomskip=\skip52
\subfigcapmargin=\dimen125
\subfiglabelskip=\skip53
\c@subfigure=\count110
\c@lofdepth=\count111
\c@subtable=\count112
\c@lotdepth=\count113

****************************************
* Local config file subfigure.cfg used *
****************************************
("C:\Program Files (x86)\MiKTeX 2.9\tex\latex\subfigure\subfigure.cfg")
\subfig@top=\skip54
\subfig@bottom=\skip55
)
("C:\Program Files (x86)\MiKTeX 2.9\tex\latex\tabulary\tabulary.sty"
Package: tabulary 2008/12/01 v0.9 tabulary package (DPC)

("C:\Program Files (x86)\MiKTeX 2.9\tex\latex\tools\array.sty"
Package: array 2008/09/09 v2.4c Tabular extension package (FMi)
\col@sep=\dimen126
\extrarowheight=\dimen127
\NC@list=\toks24
\extratabsurround=\skip56
\backup@length=\skip57
)
\TY@count=\count114
\TY@linewidth=\dimen128
\tymin=\dimen129
\tymax=\dimen130
\TY@tablewidth=\dimen131
)
("C:\Program Files (x86)\MiKTeX 2.9\tex\latex\listings\listings.sty"
\lst@mode=\count115
\lst@gtempboxa=\box28
\lst@token=\toks25
\lst@length=\count116
\lst@currlwidth=\dimen132
\lst@column=\count117
\lst@pos=\count118
\lst@lostspace=\dimen133
\lst@width=\dimen134
\lst@newlines=\count119
\lst@lineno=\count120
\lst@maxwidth=\dimen135

("C:\Program Files (x86)\MiKTeX 2.9\tex\latex\listings\lstmisc.sty"
File: lstmisc.sty 2013/08/26 1.5b (Carsten Heinz)
\c@lstnumber=\count121
\lst@skipnumbers=\count122
\lst@framebox=\box29
)
("C:\Program Files (x86)\MiKTeX 2.9\tex\latex\listings\listings.cfg"
File: listings.cfg 2013/08/26 1.5b listings configuration
))
Package: listings 2013/08/26 1.5b (Carsten Heinz)

(C:\PHD\Latex\etu-phd-template\cite.sty
LaTeX Info: Redefining \cite on input line 302.
LaTeX Info: Redefining \nocite on input line 373.
Package: cite 2010/09/10  v 5.3
)
("C:\Program Files (x86)\MiKTeX 2.9\tex\latex\geometry\geometry.sty"
Package: geometry 2010/09/12 v5.6 Page Geometry

("C:\Program Files (x86)\MiKTeX 2.9\tex\generic\oberdiek\ifvtex.sty"
Package: ifvtex 2010/03/01 v1.5 Detect VTeX and its facilities (HO)
Package ifvtex Info: VTeX not detected.
)
("C:\Program Files (x86)\MiKTeX 2.9\tex\generic\ifxetex\ifxetex.sty"
Package: ifxetex 2010/09/12 v0.6 Provides ifxetex conditional
)
\Gm@cnth=\count123
\Gm@cntv=\count124
\c@Gm@tempcnt=\count125
\Gm@bindingoffset=\dimen136
\Gm@wd@mp=\dimen137
\Gm@odd@mp=\dimen138
\Gm@even@mp=\dimen139
\Gm@layoutwidth=\dimen140
\Gm@layoutheight=\dimen141
\Gm@layouthoffset=\dimen142
\Gm@layoutvoffset=\dimen143
\Gm@dimlist=\toks26

("C:\Program Files (x86)\MiKTeX 2.9\tex\latex\geometry\geometry.cfg"))
("C:\Program Files (x86)\MiKTeX 2.9\tex\latex\setspace\setspace.sty"
Package: setspace 2011/12/19 v6.7a set line spacing
)
("C:\Program Files (x86)\MiKTeX 2.9\tex\latex\tools\enumerate.sty"
Package: enumerate 1999/03/05 v3.00 enumerate extensions (DPC)
\@enLab=\toks27
)
("C:\Program Files (x86)\MiKTeX 2.9\tex\latex\tools\bm.sty"
Package: bm 2004/02/26 v1.1c Bold Symbol Support (DPC/FMi)
\symboldoperators=\mathgroup4
\symboldletters=\mathgroup5
\symboldsymbols=\mathgroup6
LaTeX Font Info:    Redeclaring math alphabet \mathbf on input line 138.
LaTeX Info: Redefining \bm on input line 204.
)
\c@thm=\count126
\c@preexam=\count127
\c@lem=\count128
\c@proprty=\count129
\c@cor=\count130
\c@defn=\count131

(C:\PHD\Latex\etu-phd-template\tez.aux)
LaTeX Font Info:    Checking defaults for OML/cmm/m/it on input line 78.
LaTeX Font Info:    ... okay on input line 78.
LaTeX Font Info:    Checking defaults for T1/cmr/m/n on input line 78.
LaTeX Font Info:    ... okay on input line 78.
LaTeX Font Info:    Checking defaults for OT1/cmr/m/n on input line 78.
LaTeX Font Info:    ... okay on input line 78.
LaTeX Font Info:    Checking defaults for OMS/cmsy/m/n on input line 78.
LaTeX Font Info:    ... okay on input line 78.
LaTeX Font Info:    Checking defaults for OMX/cmex/m/n on input line 78.
LaTeX Font Info:    ... okay on input line 78.
LaTeX Font Info:    Checking defaults for U/cmr/m/n on input line 78.
LaTeX Font Info:    ... okay on input line 78.

("C:\Program Files (x86)\MiKTeX 2.9\tex\context\base\supp-pdf.mkii"
[Loading MPS to PDF converter (version 2006.09.02).]
\scratchcounter=\count132
\scratchdimen=\dimen144
\scratchbox=\box30
\nofMPsegments=\count133
\nofMParguments=\count134
\everyMPshowfont=\toks28
\MPscratchCnt=\count135
\MPscratchDim=\dimen145
\MPnumerator=\count136
\makeMPintoPDFobject=\count137
\everyMPtoPDFconversion=\toks29
)
\c@lstlisting=\count138

*geometry* driver: auto-detecting
*geometry* detected driver: pdftex
*geometry* verbose mode - [ preamble ] result:
* driver: pdftex
* paper: a4paper
* layout: <same size as paper>
* layoutoffset:(h,v)=(0.0pt,0.0pt)
* modes: 
* h-part:(L,W,R)=(113.81102pt, 412.56497pt, 71.13188pt)
* v-part:(T,H,B)=(113.81102pt, 660.10394pt, 71.13188pt)
* \paperwidth=597.50787pt
* \paperheight=845.04684pt
* \textwidth=412.56497pt
* \textheight=660.10394pt
* \oddsidemargin=41.54103pt
* \evensidemargin=41.54103pt
* \topmargin=4.54103pt
* \headheight=12.0pt
* \headsep=25.0pt
* \topskip=12.0pt
* \footskip=35.0pt
* \marginparwidth=44.0pt
* \marginparsep=10.0pt
* \columnsep=10.0pt
* \skip\footins=10.8pt plus 4.0pt minus 2.0pt
* \hoffset=0.0pt
* \voffset=0.0pt
* \mag=1000
* \@twocolumnfalse
* \@twosidefalse
* \@mparswitchfalse
* \@reversemarginfalse
* (1in=72.27pt=25.4mm, 1cm=28.453pt)

[1

{C:/ProgramData/MiKTeX/2.9/pdftex/config/pdftex.map}]
Overfull \hbox (1.98428pt too wide) in paragraph at lines 84--84
[]$[]$  
 []


Underfull \hbox (badness 1127) in paragraph at lines 84--84
[]\T1/cmr/m/n/12 H‹SEYùN «O-TUK ta-ra-fn-dan ha-zr-la-nan KAB-LO-SUZ AL-GI-LA
-YICI Aá-
 []


Underfull \hbox (badness 10000) in paragraph at lines 84--84

 []


Overfull \hbox (1.98428pt too wide) in paragraph at lines 84--84
[]$[]$  
 []

[2]
Overfull \hbox (21.05502pt too wide) in paragraph at lines 85--85
$[]$ 
 []

[3] [4] [5]
Overfull \hbox (34.08769pt too wide) in paragraph at lines 93--93
 [] 
 []

[6] [7] [8]) (C:\PHD\Latex\etu-phd-template\tez.toc
Overfull \hbox (19.00922pt too wide) detected at line 2
\T1/cmr/bx/n/12 ÷ZET 
 []


Overfull \hbox (58.0691pt too wide) detected at line 3
\T1/cmr/bx/n/12 ABSTRACT 
 []


Overfull \hbox (58.55513pt too wide) detected at line 4
\T1/cmr/bx/n/12 TEìEKK‹R 
 []


Overfull \hbox (76.84084pt too wide) detected at line 5
\T1/cmr/bx/n/12 ìEKùL LùSTESù 
 []


Overfull \hbox (83.07538pt too wide) detected at line 6
\T1/cmr/bx/n/12 TABLO LùSTESù 
 []


Overfull \hbox (83.39627pt too wide) detected at line 7
\T1/cmr/bx/n/12 KISALTMALAR 
 []


Overfull \hbox (93.7811pt too wide) detected at line 8
\T1/cmr/bx/n/12 SEMBOL LùSTESù 
 []

[9

]
Overfull \hbox (55.30591pt too wide) detected at line 24
\T1/cmr/bx/n/12 ÷ZGE«Mùì 
 []

)
\tf@toc=\write3
 [10] (C:\PHD\Latex\etu-phd-template\tez.lof)
\tf@lof=\write4
 [11

]
(C:\PHD\Latex\etu-phd-template\tez.lot)
\tf@lot=\write5
 [12

]
(C:\PHD\Latex\etu-phd-template\kisaltmalar.tex)
(C:\PHD\Latex\etu-phd-template\semboller.tex
Overfull \hbox (23.79515pt too wide) in paragraph at lines 8--1
[][]
 []


Underfull \hbox (badness 10000) in paragraph at lines 8--1

 []

[13]
Overfull \hbox (34.25945pt too wide) in paragraph at lines 7--43
[] 
 []


Overfull \hbox (26.65pt too wide) in paragraph at lines 44--79
[][] 
 []

[14])
Overfull \hbox (23.4299pt too wide) in paragraph at lines 80--21
[][]
 []


Underfull \hbox (badness 10000) in paragraph at lines 80--21

 []

[15] [16] (C:\PHD\Latex\etu-phd-template\bolum1.tex
B\"ol\"um 1.
[1

]) (C:\PHD\Latex\etu-phd-template\bolum2.tex [2]
B\"ol\"um 2.
) (C:\PHD\Latex\etu-phd-template\bolum3.tex [3

]
B\"ol\"um 3.
) (C:\PHD\Latex\etu-phd-template\bolum4.tex [4

]
B\"ol\"um 4.
) (C:\PHD\Latex\etu-phd-template\bolum5.tex [5

]
B\"ol\"um 5.
) (C:\PHD\Latex\etu-phd-template\bolum6.tex [6

]
B\"ol\"um 6.
) (C:\PHD\Latex\etu-phd-template\tez.bbl [7

]
Underfull \hbox (badness 1062) in paragraph at lines 29--33
[]\T1/cmr/m/n/12 S. Band-yo-padh-yay and E. J. Coyle, ``An energy ef-fi-ci-ent 
hi-erarc-hi-cal
 []


Underfull \hbox (badness 1546) in paragraph at lines 29--33
\T1/cmr/m/it/12 Twenty-Second An-nual Jo-int Con-fe-rence of the IEEE Com-pu-te
r and
 []


Underfull \hbox (badness 1394) in paragraph at lines 35--39
\T1/cmr/m/n/12 ``Rap: A real-time com-mu-ni-ca-tion arc-hi-tec-ture for large-s
cale wi-re-less
 []


Underfull \hbox (badness 2698) in paragraph at lines 41--46
[]\T1/cmr/m/n/12 E. Shih, S.-H. Cho, N. Ic-kes, R. Min, A. Sinha, A. Wang, and
 []

[8

]
Underfull \hbox (badness 1490) in paragraph at lines 71--74
[]\T1/cmr/m/n/12 C. Efthy-miou, S. Ni-ko-let-seas, and J. Ro-lim, ``Energy ba-l
an-ced data
 []

[9] [10]
Underfull \hbox (badness 1838) in paragraph at lines 150--155
[]\T1/cmr/m/n/12 T. Ab-del-za-her, B. Blum, Q. Cao, Y. Chen, D. Evans, J. Ge-or
ge,
 []

[11]
Underfull \hbox (badness 1728) in paragraph at lines 206--210
[]\T1/cmr/m/n/12 K. Jain, J. Padhye, V. N. Pad-ma-nab-han, and L. Qiu, ``Im-pac
t of
 []


Underfull \hbox (badness 1565) in paragraph at lines 247--250
[]\T1/cmr/m/n/12 J.-R. Ji-ang, C.-M. Lin, and Y.-J. Hsu, ``Lo-ca-li-za-tion wit
h ro-ta-table
 []

[12] [13]
Underfull \hbox (badness 1442) in paragraph at lines 307--310
\T1/cmr/m/n/12 ef-fi-ci-ency in wi-re-less sen-sor ne-t-work,'' \T1/cmr/m/it/12
 Euro-pean Jo-ur-nal of Sci-en-ti-fic
 []


Underfull \hbox (badness 1097) in paragraph at lines 329--333
[]\T1/cmr/m/n/12 H. Ren, M. Meng, and C. Che-ung, ``Ex-pe-ri-men-tal eva-lu-ati
on of on-
 []

[14]
Underfull \hbox (badness 10000) in paragraph at lines 394--397
[]\T1/cmr/m/n/12 U. S. D. of the Navy, ``So-und sur-ve-il-lance sys-tem.''
 []

[15]
Underfull \hbox (badness 1024) in paragraph at lines 434--436
[]\T1/cmr/m/n/12 G. Sol-vers, ``GAMS sol-vers.'' http://www.gams.com/solvers/. 
 Eri-≥im:
 []


Underfull \hbox (badness 10000) in paragraph at lines 451--454
[]\T1/cmr/m/n/12 Wikipedia, ``Log-normal da-ß-lm.'' http://tr.wikipedia.org/w
iki/Log-
 []

) (C:\PHD\Latex\etu-phd-template\ekler.tex [16] [17


]
 A.
[18

]
 B.
) (C:\PHD\Latex\etu-phd-template\ozgecmis.tex [19

]
Overfull \hbox (25.70032pt too wide) in paragraph at lines 51--59
[] 
 []


Overfull \hbox (23.71582pt too wide) in paragraph at lines 74--82
[] 
 []

[20]
Overfull \hbox (18.15222pt too wide) in paragraph at lines 87--102
[] 
 []


Overfull \hbox (8.78755pt too wide) in paragraph at lines 108--121
[] 
 []


Overfull \hbox (27.57607pt too wide) in paragraph at lines 122--152
[][] 
 []

[21])
Underfull \hbox (badness 10000) in paragraph at lines 168--48

 []


Underfull \hbox (badness 10000) in paragraph at lines 168--48

 []


Underfull \hbox (badness 10000) in paragraph at lines 168--48

 []


Underfull \hbox (badness 10000) in paragraph at lines 168--48

 []


Underfull \hbox (badness 10000) in paragraph at lines 168--48

 []

[22] [23] (C:\PHD\Latex\etu-phd-template\tez.aux) ) 
Here is how much of TeX's memory you used:
 6132 strings out of 493921
 84590 string characters out of 3144870
 173178 words of memory out of 3000000
 9261 multiletter control sequences out of 15000+200000
 20349 words of font info for 53 fonts, out of 3000000 for 9000
 841 hyphenation exceptions out of 8191
 44i,8n,35p,2880b,235s stack positions out of 5000i,500n,10000p,200000b,50000s
 <C:\Users\huseyin\AppData\L
ocal\MiKTeX\2.9\fonts\pk\ljfour\jknappen\ec\dpi600\ecbx1728.pk> <C:\Users\husey
in\AppData\Local\MiKTeX\2.9\fonts\pk\ljfour\jknappen\ec\dpi600\ecti1200.pk> <C:
\Users\huseyin\AppData\Local\MiKTeX\2.9\fonts\pk\ljfour\jknappen\ec\dpi600\ecbx
2074.pk> <C:\Users\huseyin\AppData\Local\MiKTeX\2.9\fonts\pk\ljfour\jknappen\ec
\dpi600\ecbx2488.pk> <C:\Users\huseyin\AppData\Local\MiKTeX\2.9\fonts\pk\ljfour
\jknappen\ec\dpi600\ecbx1095.pk> <C:\Users\huseyin\AppData\Local\MiKTeX\2.9\fon
ts\pk\ljfour\jknappen\ec\dpi600\ecrm1200.pk> <C:\Users\huseyin\AppData\Local\Mi
KTeX\2.9\fonts\pk\ljfour\jknappen\ec\dpi600\ecbx1200.pk><C:/Program Files (x86)
/MiKTeX 2.9/fonts/type1/public/amsfonts/cm/cmmi12.pfb><C:/Program Files (x86)/M
iKTeX 2.9/fonts/type1/public/amsfonts/cm/cmmi8.pfb><C:/Program Files (x86)/MiKT
eX 2.9/fonts/type1/public/amsfonts/cm/cmr12.pfb><C:/Program Files (x86)/MiKTeX 
2.9/fonts/type1/public/amsfonts/cm/cmr8.pfb><C:/Program Files (x86)/MiKTeX 2.9/
fonts/type1/public/amsfonts/cm/cmsy8.pfb>
Output written on tez.pdf (39 pages, 256887 bytes).
PDF statistics:
 553 PDF objects out of 1000 (max. 8388607)
 0 named destinations out of 1000 (max. 500000)
 1 words of extra memory for PDF output out of 10000 (max. 10000000)

